0 info it worked if it ends with ok
1 verbose cli [ '/usr/local/bin/node', '/usr/local/bin/npm', 'run', 'deploy' ]
2 info using npm@3.3.6
3 info using node@v4.1.1
4 verbose run-script [ 'predeploy', 'deploy', 'postdeploy' ]
5 info lifecycle eric-website@0.1.0~predeploy: eric-website@0.1.0
6 silly lifecycle eric-website@0.1.0~predeploy: no script for predeploy, continuing
7 info lifecycle eric-website@0.1.0~deploy: eric-website@0.1.0
8 verbose lifecycle eric-website@0.1.0~deploy: unsafe-perm in lifecycle true
9 verbose lifecycle eric-website@0.1.0~deploy: PATH: /usr/local/lib/node_modules/npm/bin/node-gyp-bin:/Users/Eric/Sites/eric/node_modules/.bin:/usr/local/bin:/usr/bin:/bin:/usr/sbin:/sbin
10 verbose lifecycle eric-website@0.1.0~deploy: CWD: /Users/Eric/Sites/eric
11 silly lifecycle eric-website@0.1.0~deploy: Args: [ '-c',
11 silly lifecycle   'npm run build && git commit -m \'Deploy\' && git push \'git@github.com:Jinksi/jinksi.github.io.git\' `git subtree split --prefix build master`:master --force' ]
12 silly lifecycle eric-website@0.1.0~deploy: Returned: code: 1  signal: null
13 info lifecycle eric-website@0.1.0~deploy: Failed to exec deploy script
14 verbose stack Error: eric-website@0.1.0 deploy: `npm run build && git commit -m 'Deploy' && git push 'git@github.com:Jinksi/jinksi.github.io.git' `git subtree split --prefix build master`:master --force`
14 verbose stack Exit status 1
14 verbose stack     at EventEmitter.<anonymous> (/usr/local/lib/node_modules/npm/lib/utils/lifecycle.js:233:16)
14 verbose stack     at emitTwo (events.js:87:13)
14 verbose stack     at EventEmitter.emit (events.js:172:7)
14 verbose stack     at ChildProcess.<anonymous> (/usr/local/lib/node_modules/npm/lib/utils/spawn.js:24:14)
14 verbose stack     at emitTwo (events.js:87:13)
14 verbose stack     at ChildProcess.emit (events.js:172:7)
14 verbose stack     at maybeClose (internal/child_process.js:817:16)
14 verbose stack     at Process.ChildProcess._handle.onexit (internal/child_process.js:211:5)
15 verbose pkgid eric-website@0.1.0
16 verbose cwd /Users/Eric/Sites/eric
17 error Darwin 15.0.0
18 error argv "/usr/local/bin/node" "/usr/local/bin/npm" "run" "deploy"
19 error node v4.1.1
20 error npm  v3.3.6
21 error code ELIFECYCLE
22 error eric-website@0.1.0 deploy: `npm run build && git commit -m 'Deploy' && git push 'git@github.com:Jinksi/jinksi.github.io.git' `git subtree split --prefix build master`:master --force`
22 error Exit status 1
23 error Failed at the eric-website@0.1.0 deploy script 'npm run build && git commit -m 'Deploy' && git push 'git@github.com:Jinksi/jinksi.github.io.git' `git subtree split --prefix build master`:master --force'.
23 error This is most likely a problem with the eric-website package,
23 error not with npm itself.
23 error Tell the author that this fails on your system:
23 error     npm run build && git commit -m 'Deploy' && git push 'git@github.com:Jinksi/jinksi.github.io.git' `git subtree split --prefix build master`:master --force
23 error You can get their info via:
23 error     npm owner ls eric-website
23 error There is likely additional logging output above.
24 verbose exit [ 1, true ]
